<?xml version="1.0" encoding="UTF-8"?>
<testsuite name="CalculatorTests" tests="55" skipped="0" failures="0" errors="0" timestamp="2021-08-19T11:24:26" hostname="LAPTOP-PKOTEVM6" time="0.222">
  <properties/>
  <testcase name="divideZeroTestWithZeroArgumentThrowException()" classname="CalculatorTests" time="0.031"/>
  <testcase name="[1] 3" classname="CalculatorTests" time="0.026"/>
  <testcase name="[2] 5" classname="CalculatorTests" time="0.002"/>
  <testcase name="[3] 100" classname="CalculatorTests" time="0.001"/>
  <testcase name="[1] 1, 1" classname="CalculatorTests" time="0.001"/>
  <testcase name="[2] 2, 4" classname="CalculatorTests" time="0.001"/>
  <testcase name="[3] 3, 9" classname="CalculatorTests" time="0.001"/>
  <testcase name="[4] 1, 1" classname="CalculatorTests" time="0.0"/>
  <testcase name="[5] -1, 1" classname="CalculatorTests" time="0.0"/>
  <testcase name="[6] -5, 25" classname="CalculatorTests" time="0.001"/>
  <testcase name="[7] 0, 0" classname="CalculatorTests" time="0.001"/>
  <testcase name="[1] -3" classname="CalculatorTests" time="0.002"/>
  <testcase name="[2] 0" classname="CalculatorTests" time="0.0"/>
  <testcase name="[3] -100" classname="CalculatorTests" time="0.0"/>
  <testcase name="[1] 1, 1, 2" classname="CalculatorTests" time="0.001"/>
  <testcase name="[2] 2, 2, 4" classname="CalculatorTests" time="0.001"/>
  <testcase name="[3] 12, 3, 15" classname="CalculatorTests" time="0.001"/>
  <testcase name="[4] 1, 0, 1" classname="CalculatorTests" time="0.001"/>
  <testcase name="[5] -1, 0, -1" classname="CalculatorTests" time="0.001"/>
  <testcase name="[6] -1, -5, -6" classname="CalculatorTests" time="0.0"/>
  <testcase name="[7] -1, -0, -1" classname="CalculatorTests" time="0.001"/>
  <testcase name="[8] -5, 1, -4" classname="CalculatorTests" time="0.0"/>
  <testcase name="[9] 5, -1, 4" classname="CalculatorTests" time="0.001"/>
  <testcase name="divideTestWithZeroArgument()" classname="CalculatorTests" time="0.001"/>
  <testcase name="[1] 1, 1, 1" classname="CalculatorTests" time="0.001"/>
  <testcase name="[2] 2, 2, 1" classname="CalculatorTests" time="0.0"/>
  <testcase name="[3] 12, 3, 4" classname="CalculatorTests" time="0.001"/>
  <testcase name="[4] 20, 2, 10" classname="CalculatorTests" time="0.001"/>
  <testcase name="[5] 45, 2, 22" classname="CalculatorTests" time="0.0"/>
  <testcase name="[6] 100, 3, 33" classname="CalculatorTests" time="0.001"/>
  <testcase name="[7] 105, 100, 1" classname="CalculatorTests" time="0.001"/>
  <testcase name="[8] 645, 789, 0" classname="CalculatorTests" time="0.0"/>
  <testcase name="[1] -1, 1" classname="CalculatorTests" time="0.001"/>
  <testcase name="[2] -2, 2" classname="CalculatorTests" time="0.0"/>
  <testcase name="[3] 0, 0" classname="CalculatorTests" time="0.002"/>
  <testcase name="[4] -0, 0" classname="CalculatorTests" time="0.001"/>
  <testcase name="[5] 1, 1" classname="CalculatorTests" time="0.001"/>
  <testcase name="[6] 5, 5" classname="CalculatorTests" time="0.001"/>
  <testcase name="[1] 1, 1, 0" classname="CalculatorTests" time="0.001"/>
  <testcase name="[2] 12, 3, 9" classname="CalculatorTests" time="0.001"/>
  <testcase name="[3] 1, 0, 1" classname="CalculatorTests" time="0.001"/>
  <testcase name="[4] -1, 0, -1" classname="CalculatorTests" time="0.001"/>
  <testcase name="[5] -1, -5, 4" classname="CalculatorTests" time="0.001"/>
  <testcase name="[6] -1, -0, -1" classname="CalculatorTests" time="0.0"/>
  <testcase name="[7] -5, 1, -6" classname="CalculatorTests" time="0.001"/>
  <testcase name="[8] 1, -5, 6" classname="CalculatorTests" time="0.001"/>
  <testcase name="[9] 5, -1, 6" classname="CalculatorTests" time="0.001"/>
  <testcase name="[1] 1, 1, 1" classname="CalculatorTests" time="0.001"/>
  <testcase name="[2] 2, 2, 4" classname="CalculatorTests" time="0.0"/>
  <testcase name="[3] 12, 3, 36" classname="CalculatorTests" time="0.001"/>
  <testcase name="[4] 1, 0, 0" classname="CalculatorTests" time="0.001"/>
  <testcase name="[5] -1, 0, 0" classname="CalculatorTests" time="0.001"/>
  <testcase name="[6] -1, -5, 5" classname="CalculatorTests" time="0.001"/>
  <testcase name="[7] -1, -0, 0" classname="CalculatorTests" time="0.001"/>
  <testcase name="[8] -5, 1, -5" classname="CalculatorTests" time="0.001"/>
  <system-out><![CDATA[]]></system-out>
  <system-err><![CDATA[]]></system-err>
</testsuite>
